<?xml version="1.0" encoding="UTF-8"?>
<!-- Generated by org.testng.reporters.JUnitReportReporter -->
<testsuite hostname="MSDT019" failures="0" tests="1" name="Tests.CheckOutTest" time="3.759" errors="0" timestamp="2022-02-15T20:24:13 IST" skipped="0">
  <testcase classname="Tests.CheckOutTest" name="CheckOut" time="3.759"/>
  <system-out/>
</testsuite> <!-- Tests.CheckOutTest -->
