<?xml version="1.0" encoding="UTF-8"?>
<!-- Generated by org.testng.reporters.JUnitReportReporter -->
<testsuite hostname="MSDT019" failures="0" tests="5" name="Tests.VerifyUserIsAbleTocheckout" time="1.280" errors="0" timestamp="2022-02-15T22:05:23 IST" skipped="0">
  <testcase classname="Tests.VerifyUserIsAbleTocheckout" name="CheckOut" time="0.250"/>
  <system-out/>
  <testcase classname="Tests.VerifyUserIsAbleTocheckout" name="RemoveToCartButton" time="0.141"/>
  <system-out/>
  <testcase classname="Tests.VerifyUserIsAbleTocheckout" name="Logindetails" time="0.284"/>
  <system-out/>
  <testcase classname="Tests.VerifyUserIsAbleTocheckout" name="AddItemsToCart" time="0.143"/>
  <system-out/>
  <testcase classname="Tests.VerifyUserIsAbleTocheckout" name="CheckoutItem" time="0.462"/>
  <system-out/>
</testsuite> <!-- Tests.VerifyUserIsAbleTocheckout -->
