<?xml version="1.0" encoding="UTF-8"?>
<!-- Generated by org.testng.reporters.JUnitReportReporter -->
<testsuite hostname="MSDT019" failures="0" tests="1" name="Tests.HomePageTest" time="0.493" errors="0" timestamp="2022-02-15T22:13:04 IST" skipped="0">
  <testcase classname="Tests.HomePageTest" name="AddItemsToCart" time="0.493"/>
  <system-out/>
</testsuite> <!-- Tests.HomePageTest -->
