<?xml version="1.0" encoding="UTF-8"?>
<!-- Generated by org.testng.reporters.JUnitReportReporter -->
<testsuite hostname="MSDT019" failures="0" tests="1" name="Tests.HomePageTest" time="5.201" errors="0" timestamp="2022-02-15T21:07:49 IST" skipped="0">
  <testcase classname="Tests.HomePageTest" name="AddItemsToCart" time="5.201"/>
  <system-out/>
</testsuite> <!-- Tests.HomePageTest -->
