<?xml version="1.0" encoding="UTF-8"?>
<!-- Generated by org.testng.reporters.JUnitReportReporter -->
<testsuite hostname="MSDT019" failures="0" tests="1" name="Tests.Login_Page_Test" time="6.289" errors="0" timestamp="2022-02-15T20:24:13 IST" skipped="0">
  <testcase classname="Tests.Login_Page_Test" name="Logindetails" time="6.289"/>
  <system-out/>
</testsuite> <!-- Tests.Login_Page_Test -->
