<?xml version="1.0" encoding="UTF-8"?>
<!-- Generated by org.testng.reporters.JUnitReportReporter -->
<testsuite hostname="MSDT019" failures="0" tests="1" name="com.Tests.Hometest" time="1.388" errors="0" timestamp="2022-02-08T16:35:22 IST" skipped="0">
  <testcase classname="com.Tests.Hometest" name="logout" time="1.388"/>
  <system-out/>
</testsuite> <!-- com.Tests.Hometest -->
