<?xml version="1.0" encoding="UTF-8"?>
<!-- Generated by org.testng.reporters.JUnitReportReporter -->
<testsuite hostname="MSDT019" failures="0" tests="3" name="com.Tests.LoginTest" time="20.144" errors="0" timestamp="2022-02-08T19:11:42 IST" skipped="0">
  <testcase classname="com.Tests.LoginTest" name="forgetpas" time="1.171"/>
  <system-out/>
  <testcase classname="com.Tests.LoginTest" name="CheckTitle" time="0.013"/>
  <system-out/>
  <testcase classname="com.Tests.LoginTest" name="Logindetails" time="18.960"/>
  <system-out/>
</testsuite> <!-- com.Tests.LoginTest -->
