<?xml version="1.0" encoding="UTF-8"?>
<!-- Generated by org.testng.reporters.JUnitReportReporter -->
<testsuite hostname="MSDT019" failures="0" tests="3" name="com.Tests.LoginTest" time="19.399" errors="0" timestamp="2022-02-08T16:35:22 IST" skipped="0">
  <testcase classname="com.Tests.LoginTest" name="forgetpas" time="1.177"/>
  <system-out/>
  <testcase classname="com.Tests.LoginTest" name="CheckTitle" time="0.008"/>
  <system-out/>
  <testcase classname="com.Tests.LoginTest" name="Logindetails" time="18.214"/>
  <system-out/>
</testsuite> <!-- com.Tests.LoginTest -->
