<?xml version="1.0" encoding="UTF-8"?>
<!-- Generated by org.testng.reporters.JUnitReportReporter -->
<testsuite hostname="MSDT019" failures="0" tests="1" name="com.Tests.Hometest" time="8.576" errors="0" timestamp="2022-02-10T18:02:03 IST" skipped="0">
  <testcase classname="com.Tests.Hometest" name="logout" time="8.576"/>
  <system-out/>
</testsuite> <!-- com.Tests.Hometest -->
