<?xml version="1.0" encoding="UTF-8"?>
<!-- Generated by org.testng.reporters.JUnitReportReporter -->
<testsuite hostname="MSDT019" failures="0" tests="1" name="com.Tests.LoginTest" time="1.186" errors="0" timestamp="2022-02-10T18:02:03 IST" skipped="0">
  <testcase classname="com.Tests.LoginTest" name="Logindetails" time="1.186"/>
  <system-out/>
</testsuite> <!-- com.Tests.LoginTest -->
