<?xml version="1.0" encoding="UTF-8"?>
<!-- Generated by org.testng.reporters.JUnitReportReporter -->
<testsuite hostname="MSDT019" failures="0" tests="1" name="com.Tests.Add_UserTest" time="10.707" errors="0" timestamp="2022-02-10T18:02:03 IST" skipped="0">
  <testcase classname="com.Tests.Add_UserTest" name="AddingUserDetails" time="10.707"/>
  <system-out/>
</testsuite> <!-- com.Tests.Add_UserTest -->
