<?xml version="1.0" encoding="UTF-8"?>
<!-- Generated by org.testng.reporters.JUnitReportReporter -->
<testsuite hostname="MSDT019" failures="0" tests="1" name="restAssure.RestAPI" time="2.571" errors="0" timestamp="16 Feb 2022 18:11:46 GMT" skipped="0">
  <testcase classname="restAssure.RestAPI" name="enterDataExcel" time="2.571"/>
</testsuite> <!-- restAssure.RestAPI -->
